<?xml version="1.0" encoding="UTF-8"?>
<testng-results skipped="0" failed="0" ignored="0" total="1" passed="1">
  <reporter-output>
  </reporter-output>
  <suite name="Surefire suite" duration-ms="1885" started-at="2019-06-03T14:10:26Z" finished-at="2019-06-03T14:10:28Z">
    <groups>
    </groups>
    <test name="Surefire test" duration-ms="1885" started-at="2019-06-03T14:10:26Z" finished-at="2019-06-03T14:10:28Z">
      <class name="Cucumber.Automation.AppTest">
        <test-method status="PASS" signature="testApp()" name="testApp" duration-ms="41" started-at="2019-06-03T14:10:26Z" finished-at="2019-06-03T14:10:26Z">
          <reporter-output>
          </reporter-output>
        </test-method> <!-- testApp -->
      </class> <!-- Cucumber.Automation.AppTest -->
    </test> <!-- Surefire test -->
  </suite> <!-- Surefire suite -->
</testng-results>
